      1 [Alt+ampersand]
      1 [Alt+Down]
      1 [Alt+quotedbl]
      1 [Alt+r]
      1 [Alt+v]
      1 [Control+Alt+ampersand]
      1 [Control+Alt+j]
      1 [Control+Alt+k]
      1 [Control+Alt+Return]
      1 [Control+comma]
      1 [Control+Control_R]
      1 [Control+eacute]
      1 [Control+parenleft]
      1 [Control+quotedbl]
      1 [Control+Super+F1]
      1 [Control+Super+l]
      1 [Control+twosuperior]
      1 [Control+_]
      1 [F1]
      1 [F3]
      1 [F6]
      1 [AltGr+j]
      1 [AltGr+k]
      1 [AltGr+l]
      1 [AltGr+p]
      1 [Menu]
      1 [Shift+Alt+Left]
      1 [Shift+Control+l]
      1 [Shift+Control+p]
      1 [Shift+exclam]
      1 [Shift+Home]
      1 [Shift+AltGr+e]
      1 [Shift+AltGr+minus]
      1 [Shift+AltGr+space]
      1 [Shift+AltGr+t]
      1 [Shift+AltGr+y]
      1 [Shift+KP_Home]
      1 [Shift+Shift_L]
      1 [Shift+Super+c]
      1 [Shift+Super+parenleft]
      1 [Shift+Super+w]
      1 [Super+a]
      1 [Super+b]
      1 [Super+BackSpace]
      1 [Super+Down]
      1 [Super+i]
      1 [Super+AltGr+quotedbl]
      1 [Super+AltGr+Tab]
      1 [Super+s]
      1 [Super+t]
      1 [Super+Up]
      1 [Super+w]
      1 [XF86PowerOff]
      1 [XF86Sleep]
      2 [Alt+Control_R]
      2 [Control+dead_circumflex]
      2 [Control+Down]
      2 [Control+AltGr+Tab]
      2 [Control+Super+Tab]
      2 [F7]
      2 [F9]
      2 [AltGr+ampersand]
      2 [AltGr+d]
      2 [AltGr+less]
      2 [AltGr+m]
      2 [AltGr+space]
      2 [AltGr+Super_L]
      2 [AltGr+u]
      2 [Shift+Alt_L]
      2 [Shift+Alt+Right]
      2 [Shift+dead_circumflex]
      2 [Shift+End]
      2 [Shift+AltGr+a]
      2 [Shift+AltGr+l]
      2 [Shift+AltGr+r]
      2 [Shift+Super+ccedilla]
      2 [Shift+Super+Down]
      2 [Shift+Super+Up]
      2 [Super+KP_Insert]
      2 [Super+_]
      3 [Alt+f]
      3 [Alt+Return]
      3 [Alt+Super_L]
      3 [F10]
      3 [F8]
      3 [AltGr+f]
      3 [AltGr+g]
      3 [AltGr+s]
      3 [Shift+Control+n]
      3 [°]
      3 [Shift+Shift_R]
      3 [Shift+Super+q]
      3 [Super+c]
      3 [Super+twosuperior]
      3 [XF86MonBrightnessUp]
      3 [XF86RFKill]
      4 [Alt+Shift_L]
      4 [Alt+Super+Tab]
      4 [Control+h]
      4 [Control+AltGr+p]
      4 [Control+space]
      4 [AltGr+c]
      4 [AltGr+e]
      4 [AltGr+n]
      4 [Shift+F12]
      4 [Shift+Super+apostrophe]
      4 [Shift+Super+Left]
      4 [Super+Control_L]
      5 [Control+m]
      5 [Control+semicolon]
      5 [Shift+Control+k]
      5 [Shift+Super+ampersand]
      5 [Shift+Super_L]
      5 [Super+Alt_L]
      6 [AltGr+Control_L]
      6 [Shift+Return]
      6 [Shift+Super+r]
      7 [F11]
      7 [AltGr+y]
      7 [AltGr+z]
      7 [Shift+AltGr+agrave]
      7 [twosuperior]
      8 [Control+Super_L]
      8 [Control+y]
      8 [£]
      8 [Shift+Super+Right]
      8 [Super+Right]
      9 [Control+minus]
      9 [Control_R]
      9 [Control+Up]
      9 [µ]
      9 [Super+Left]
      9 [Super+p]
      9 [Super+parenleft]
     10 [Alt+h]
     10 [Control+colon]
     10 [F12]
     10 [F5]
     10 [AltGr+Return]
     10 [Shift+BackSpace]
     10 [Shift+Down]
     11 [Control+Delete]
     11 [Shift+Control+w]
     11 [ugrave]
     13 [Shift+Super+eacute]
     13 [XF86AudioMute]
     14 [Alt+l]
     14 [æ]
     15 [Control+AltGr]
     16 [Shift+Super+quotedbl]
     18 [Alt+a]
     18 [Z]
     19 []
     19 [Super+ccedilla]
     22 [Control+less]
     23 [ccedilla]
     23 [egrave]
     24 [Alt+Right]
     25 [Home]
     25 [Super+KP_Prior]
     25 [XF86AudioRaiseVolume]
     27 [^]
     29 [Shift+space]
     32 [Shift+AltGr+Shift_L]
     32 [Q]
     33 [Alt+w]
     35 [XF86AudioLowerVolume]
     36 [Shift+Left]
     39 [Shift+Control+z]
     44 [Shift+Control+a]
     45 [AltGr+BackSpace]
     47 [Shift+AltGr]
     47 [Super+Shift_L]
     48 [~]
     54 [Shift+Control+r]
     55 [Control+j]
     61 [eacute]
     65 [>]
     68 [Shift+Control+t]
     70 [Shift+Control+Tab]
     78 [%]
     80 [5]
     83 [9]
     89 [Y]
     93 [^]
     96 [Shift+Control_L]
     97 [Control+Alt_L]
     97 [KP_Begin]
    101 [7]
    103 ["+"]
    107 [Next]
    112 [KP_Next]
    117 [Shift+Control+equal]
    131 [KP_Home]
    134 [Alt+Control_L]
    143 [6]
    143 [8]
    149 [Control+i]
    152 [KP_Prior]
    155 ["["]
    163 [Prior]
    165 [Super+"'"]
    166 [4]
    167 [W]
    168 [U]
    179 [KP_Up]
    181 [End]
    185 [agrave]
    186 [#]
    189 [KP_Right]
    200 [KP_Down]
    204 [K]
    212 [Control+Alt+l]
    212 [G]
    215 [KP_Left]
    235 [Control+Shift_L]
    241 [Super+d]
    244 [Control+e]
    244 [|]
    250 [Shift+Tab]
    250 [Super+v]
    253 [F]
    256 [?]
    262 [Control+x]
    268 [less]
    277 [2]
    285 [KP_End]
    290 ["]"]
    290 [B]
    299 [0]
    304 [Control+n]
    311 [Shift+Right]
    321 [Control+g]
    324 [R]
    328 [Super+'"']
    334 [KP_Insert]
    347 [P]
    369 [Control+u]
    396 [>]
    401 [$]
    402 [J]
    404 [3]
    406 [Super+Return]
    410 ["\"]
    438 [1]
    481 [N]
    489 [C]
    493 [AltGr+Shift_L]
    495 [Control+q]
    501 [Alt+Left]
    508 [E]
    519 [O]
    524 [ampersand]
    524 [X]
    541 [Control+Left]
    553 ['"']
    561 [Super+eacute]
    582 [Alt+k]
    586 [M]
    603 [Control+a]
    604 [!]
    610 [Alt+j]
    619 [Control+BackSpace]
    623 [apostrophe]
    645 [Control+b]
    666 [Control+v]
    691 ["{"]
    730 [Control+k]
    738 ["`"]
    740 [;]
    848 [S]
    849 [Control+o]
    893 [Control+d]
    913 [I]
    957 [Control+c]
    958 [T]
    991 [Control+t]
   1063 [=]
   1113 [@]
   1114 [/]
   1230 [Down]
   1267 [Super+ampersand]
   1277 [Control+f]
   1315 [Control+l]
   1338 [V]
   1372 [Delete]
   1429 [-]
   1632 [*]
   1636 [Control+w]
   1806 [")"]
   1816 [D]
   1942 [A]
   1971 [_]
   2054 [Control+Right]
   2129 ["("]
   2291 [Left]
   2336 [Shift_R]
   2372 [Control+r]
   2389 ["}"]
   2499 [Control+z]
   2558 [Up]
   2987 [L]
   3082 [:]
   3301 [q]
   3352 [H]
   3750 [w]
   3832 [,]
   4170 [AltGr]
   4284 [b]
   4668 [Tab]
   4770 [v]
   5248 [Right]
   5597 [.]
   5600 [Alt+Tab]
   5631 [Control+Return]
   6078 [Super+Tab]
   6450 [m]
   6711 [x]
   6750 [Alt_L]
   8449 [Control+s]
   9231 [Super_L]
   9964 [Control+p]
  10183 [h]
  10983 [g]
  11029 [k]
  11406 [c]
  11954 [BackSpace]
  12042 [u]
  12172 [y]
  13035 [j]
  13381 [Escape]
  14015 [r]
  15150 [l]
  15183 [p]
  16429 [i]
  16434 [o]
  17585 [t]
  19396 [f]
  19763 [z]
  21228 [Return]
  21722 [Control+Tab]
  22046 [n]
  24482 [a]
  25351 [Shift_L]
  29518 [d]
  31075 [s]
  34685 [e]
  36457 [" "]
  48044 [Control_L]
